C51 COMPILER V9.51   OLED12864                                                             11/06/2015 19:41:44 PAGE 1   


C51 COMPILER V9.51, COMPILATION OF MODULE OLED12864
OBJECT MODULE PLACED IN OLED12864.OBJ
COMPILER INVOKED BY: C:\Keil\C51\BIN\C51.EXE OLED12864.c LARGE OPTIMIZE(8,SPEED) BROWSE DEBUG OBJECTEXTEND TABS(2)

line level    source

   1          #define Key_short 1
   2          #define Key_long 2
   3          
   4          #include<STC12C5A60S2.h>
   5          #include "intrins.h"
   6          #include <string.h>
   7          #include "codetab.h"
   8          #include "LQ12864.h"
   9          #include "UART.h"
  10          #include "ADC.h"
  11          sbit K=P3^2;
  12          sbit Ralay=P2^5;
  13          unsigned char key=0;
  14          unsigned char RI_dat[20];
  15          unsigned char light=0xcf;
  16          void Delay(unsigned int n)
  17          {
  18   1          unsigned int x;
  19   1      
  20   1          while (n--)
  21   1          {
  22   2              x = 5000;
  23   2              while (x--);
  24   2          }
  25   1      }
  26          /*********************主函数************************************/
  27          void main(void) 
  28          {
  29   1      unsigned char i ;
  30   1      unsigned int  temp; 
  31   1        EX0 = 1;        //使能 INT0 外部中断
  32   1        TCON = 0x01;    //触发方式为脉冲负边沿触发
  33   1        
  34   1      /*****串口*********************/
  35   1        PCON |= 0x80;   //使能波特率倍速位SMOD  //22.1184M 57600
  36   1        SCON = 0x50;    //8位数据,可变波特率
  37   1        AUXR &= 0xFB;   //独立波特率发生器时钟为Fosc/12,即12T
  38   1        BRT = 0xFe;   //设定独立波特率发生器重装值
  39   1        AUXR |= 0x01;   //串口1选择独立波特率发生器为波特率发生器
  40   1        AUXR |= 0x10;   //启动独立波特率发生器
  41   1        
  42   1        
  43   1          //20毫秒@22.1184MHz
  44   1        AUXR &= 0x7F;   //定时器时钟12T模式
  45   1        AUXR &= 0xBF;   //定时器时钟12T模式
  46   1        TMOD = 0x11;    //设置定时器模式
  47   1        TL0 = 0x00;   //设置定时初值//20ms
  48   1        TH0 = 0x70;   //设置定时初值
  49   1        TF0 = 0;    //清除TF0标志
  50   1        TR0 = 1;    //定时器0开始计时
  51   1        
  52   1        TL1 = 0x00;   //设置定时初值
  53   1        TH1 = 0x70;   //设置定时初值
  54   1        TF1 = 0;    //清除TF1标志
  55   1        TR1 = 0;    //定时器1开始计时
C51 COMPILER V9.51   OLED12864                                                             11/06/2015 19:41:44 PAGE 2   

  56   1        
  57   1        
  58   1        ET1 = 1;      //定时器1中断
  59   1        ET0 = 1;      //定时器0中断
  60   1        ES=1;         //串口中断
  61   1        EA = 1;
  62   1        
  63   1      if(!K)  opposite_flag=~opposite_flag; 
  64   1        SendString("Ready\n");
  65   1        InitADC();
  66   1        SendString("ADC Init\n");
  67   1        LCD_Init(opposite_flag); //oled 初始化  
  68   1        SendString("LCD Init\n");
  69   1        P0M0=0XFF;
  70   1      
  71   1        /*
  72   1        LCD_Set_Pos(0,0);
  73   1        for(i=0;i<255;i++)
  74   1        LCD_WrDat(i);
  75   1        
  76   1        LCD_Set_Pos(0,1);
  77   1        for(i=0;i<128;i++)
  78   1        LCD_WrDat(i);*/
  79   1      
  80   1      if(opposite_flag)
  81   1        {
  82   2        LCD_P16x16Ch(24,6,0);
  83   2        LCD_P16x16Ch(40,6,1);
  84   2        LCD_P16x16Ch(56,6,0);
  85   2        LCD_P16x16Ch(72,6,2);
  86   2        LCD_P16x16Ch(88,6,3);
  87   2        }
  88   1        else
  89   1        {
  90   2        LCD_P16x16Ch(24,0,0);
  91   2        LCD_P16x16Ch(40,0,1);
  92   2        LCD_P16x16Ch(56,0,0);
  93   2        LCD_P16x16Ch(72,0,2);
  94   2        LCD_P16x16Ch(88,0,3);
  95   2        }
  96   1        
  97   1      
  98   1      //  LCD_P6x8Str(40,6,"012345");
  99   1        ADC_Result();
 100   1        ADC();
 101   1      
 102   1        Ralay=0;
 103   1        Delay(400);
 104   1      
 105   1        while(1)
 106   1        {
 107   2        ADC_Result();
 108   2        ADC();
 109   2      
 110   2        if(time>60&&current<30&&current!=0) Ralay=1;
 111   2        if(current>250&&Auto_switch==0) Ralay=1;
 112   2        //  Delay(100);
 113   2      
 114   2        if(key==Key_long)
 115   2        {
 116   3            Ralay=~Ralay;time=0;
 117   3            electric_mah=electric_time=0;
C51 COMPILER V9.51   OLED12864                                                             11/06/2015 19:41:44 PAGE 3   

 118   3            key=0;
 119   3        }
 120   2        else if(key==Key_short)
 121   2        {
 122   3          Auto_switch=~Auto_switch;
 123   3      
 124   3          key=0;
 125   3        }
 126   2        
 127   2      
 128   2      
 129   2        }
 130   1      
 131   1      }
*** WARNING C280 IN LINE 29 OF OLED12864.c: 'i': unreferenced local variable
*** WARNING C280 IN LINE 30 OF OLED12864.c: 'temp': unreferenced local variable
 132          
 133          
 134          void Timer0Interrupt(void) interrupt 1
 135          {
 136   1        static unsigned char t;
 137   1        TL0 = 0x00;   //设置定时初值
 138   1        TH0 = 0x70;   //设置定时初值
 139   1        
 140   1        if(++t>=50)
 141   1        {
 142   2          t=0;
 143   2          time+=1;
 144   2          if(current!=0)
 145   2          electric_time+=1;        //为方便调试 将时间扩大60倍(+60)
 146   2          electric_mah += current*25/9; //*1000/3600
 147   2        }
 148   1      }
 149          
 150          void Timer1Interrupt(void) interrupt 3
 151          {
 152   1        static unsigned int tim=0;
 153   1        TL1 = 0xCD;   //设置定时初值
 154   1        TH1 = 0xF8;   //设置定时初值
 155   1        if(!K)
 156   1        {
 157   2          tim++;
 158   2          if(tim>1500)
 159   2          {
 160   3            key=Key_short;
 161   3            tim=0;
 162   3            TR1 = 0;    //定时器1开始计时
 163   3            EX0=1;
 164   3          }
 165   2        }
 166   1        else
 167   1        {
 168   2          if(tim>1500)
 169   2          {
 170   3          }
 171   2          else
 172   2          {//短按
 173   3            key=Key_short;
 174   3          }
 175   2            tim=0;
 176   2            TR1 = 0;    //定时器1开始计时
 177   2            EX0=1;
C51 COMPILER V9.51   OLED12864                                                             11/06/2015 19:41:44 PAGE 4   

 178   2        }
 179   1      
 180   1      }
 181          void EX_IN() interrupt 0 using 0
 182          {
 183   1        EX0 = 0;
 184   1            Delay(3);
 185   1        if(!K)
 186   1        {
 187   2            TR1 = 1;    //定时器1开始计时
 188   2        }
 189   1        else EX0=1;
 190   1      
 191   1      }
 192          
 193          void UARTInterrupt(void) interrupt 4//串口中断
 194          {
 195   1        unsigned char temp;
 196   1        
 197   1      
 198   1          if(RI)
 199   1          {
 200   2            RI = 0;
 201   2            temp=SBUF;
 202   2          //  SendHex16(temp);
 203   2            if(temp==0xa8)  IAP_CONTR=0X60;
 204   2            //else LCD_WrCmd(temp);
 205   2      
 206   2          }
 207   1          else
 208   1              TI = 0;
 209   1      }
*** WARNING C291 IN LINE 34 OF OLED12864.c: not every exit path returns a value


MODULE INFORMATION:   STATIC OVERLAYABLE
   CODE SIZE        =   4018    ----
   CONSTANT SIZE    =   3474    ----
   XDATA SIZE       =     61     689
   PDATA SIZE       =   ----    ----
   DATA SIZE        =   ----    ----
   IDATA SIZE       =   ----    ----
   BIT SIZE         =      2       1
END OF MODULE INFORMATION.


C51 COMPILATION COMPLETE.  3 WARNING(S),  0 ERROR(S)
